[warn] Python is 3.14. If dependency install fails, use Python 3.11 or 3.12.
[step] Install/check YOLO dependencies...
Requirement already satisfied: pip in E:\game_sai_yolo_env\.venv_yolo\Lib\site-packages (26.1.1)
Requirement already satisfied: ultralytics>=8.3.0 in E:\game_sai_yolo_env\.venv_yolo\Lib\site-packages (from -r yolo_pose_bridge\requirements.txt (line 1)) (8.4.57)
Requirement already satisfied: opencv-python>=4.9.0 in E:\game_sai_yolo_env\.venv_yolo\Lib\site-packages (from -r yolo_pose_bridge\requirements.txt (line 2)) (4.13.0.92)
Requirement already satisfied: websockets>=12.0 in E:\game_sai_yolo_env\.venv_yolo\Lib\site-packages (from -r yolo_pose_bridge\requirements.txt (line 3)) (16.0)
Requirement already satisfied: numpy>=1.24.0 in E:\game_sai_yolo_env\.venv_yolo\Lib\site-packages (from -r yolo_pose_bridge\requirements.txt (line 4)) (2.4.6)
Requirement already satisfied: matplotlib>=3.3.0 in E:\game_sai_yolo_env\.venv_yolo\Lib\site-packages (from ultralytics>=8.3.0->-r yolo_pose_bridge\requirements.txt (line 1)) (3.10.9)
Requirement already satisfied: pillow>=7.1.2 in E:\game_sai_yolo_env\.venv_yolo\Lib\site-packages (from ultralytics>=8.3.0->-r yolo_pose_bridge\requirements.txt (line 1)) (12.2.0)
Requirement already satisfied: pyyaml>=5.3.1 in E:\game_sai_yolo_env\.venv_yolo\Lib\site-packages (from ultralytics>=8.3.0->-r yolo_pose_bridge\requirements.txt (line 1)) (6.0.3)
Requirement already satisfied: requests>=2.23.0 in E:\game_sai_yolo_env\.venv_yolo\Lib\site-packages (from ultralytics>=8.3.0->-r yolo_pose_bridge\requirements.txt (line 1)) (2.34.2)
Requirement already satisfied: scipy>=1.4.1 in E:\game_sai_yolo_env\.venv_yolo\Lib\site-packages (from ultralytics>=8.3.0->-r yolo_pose_bridge\requirements.txt (line 1)) (1.17.1)
Requirement already satisfied: torch>=1.8.0 in E:\game_sai_yolo_env\.venv_yolo\Lib\site-packages (from ultralytics>=8.3.0->-r yolo_pose_bridge\requirements.txt (line 1)) (2.12.0)
Requirement already satisfied: torchvision>=0.9.0 in E:\game_sai_yolo_env\.venv_yolo\Lib\site-packages (from ultralytics>=8.3.0->-r yolo_pose_bridge\requirements.txt (line 1)) (0.27.0)
Requirement already satisfied: psutil>=5.8.0 in E:\game_sai_yolo_env\.venv_yolo\Lib\site-packages (from ultralytics>=8.3.0->-r yolo_pose_bridge\requirements.txt (line 1)) (7.2.2)
Requirement already satisfied: polars>=0.20.0 in E:\game_sai_yolo_env\.venv_yolo\Lib\site-packages (from ultralytics>=8.3.0->-r yolo_pose_bridge\requirements.txt (line 1)) (1.41.2)
Requirement already satisfied: ultralytics-thop>=2.0.18 in E:\game_sai_yolo_env\.venv_yolo\Lib\site-packages (from ultralytics>=8.3.0->-r yolo_pose_bridge\requirements.txt (line 1)) (2.0.19)
Requirement already satisfied: contourpy>=1.0.1 in E:\game_sai_yolo_env\.venv_yolo\Lib\site-packages (from matplotlib>=3.3.0->ultralytics>=8.3.0->-r yolo_pose_bridge\requirements.txt (line 1)) (1.3.3)
Requirement already satisfied: cycler>=0.10 in E:\game_sai_yolo_env\.venv_yolo\Lib\site-packages (from matplotlib>=3.3.0->ultralytics>=8.3.0->-r yolo_pose_bridge\requirements.txt (line 1)) (0.12.1)
Requirement already satisfied: fonttools>=4.22.0 in E:\game_sai_yolo_env\.venv_yolo\Lib\site-packages (from matplotlib>=3.3.0->ultralytics>=8.3.0->-r yolo_pose_bridge\requirements.txt (line 1)) (4.63.0)
Requirement already satisfied: kiwisolver>=1.3.1 in E:\game_sai_yolo_env\.venv_yolo\Lib\site-packages (from matplotlib>=3.3.0->ultralytics>=8.3.0->-r yolo_pose_bridge\requirements.txt (line 1)) (1.5.0)
Requirement already satisfied: packaging>=20.0 in E:\game_sai_yolo_env\.venv_yolo\Lib\site-packages (from matplotlib>=3.3.0->ultralytics>=8.3.0->-r yolo_pose_bridge\requirements.txt (line 1)) (26.2)
Requirement already satisfied: pyparsing>=3 in E:\game_sai_yolo_env\.venv_yolo\Lib\site-packages (from matplotlib>=3.3.0->ultralytics>=8.3.0->-r yolo_pose_bridge\requirements.txt (line 1)) (3.3.2)
Requirement already satisfied: python-dateutil>=2.7 in E:\game_sai_yolo_env\.venv_yolo\Lib\site-packages (from matplotlib>=3.3.0->ultralytics>=8.3.0->-r yolo_pose_bridge\requirements.txt (line 1)) (2.9.0.post0)
Requirement already satisfied: polars-runtime-32==1.41.2 in E:\game_sai_yolo_env\.venv_yolo\Lib\site-packages (from polars>=0.20.0->ultralytics>=8.3.0->-r yolo_pose_bridge\requirements.txt (line 1)) (1.41.2)
Requirement already satisfied: six>=1.5 in E:\game_sai_yolo_env\.venv_yolo\Lib\site-packages (from python-dateutil>=2.7->matplotlib>=3.3.0->ultralytics>=8.3.0->-r yolo_pose_bridge\requirements.txt (line 1)) (1.17.0)
Requirement already satisfied: charset_normalizer<4,>=2 in E:\game_sai_yolo_env\.venv_yolo\Lib\site-packages (from requests>=2.23.0->ultralytics>=8.3.0->-r yolo_pose_bridge\requirements.txt (line 1)) (3.4.7)
Requirement already satisfied: idna<4,>=2.5 in E:\game_sai_yolo_env\.venv_yolo\Lib\site-packages (from requests>=2.23.0->ultralytics>=8.3.0->-r yolo_pose_bridge\requirements.txt (line 1)) (3.17)
Requirement already satisfied: urllib3<3,>=1.26 in E:\game_sai_yolo_env\.venv_yolo\Lib\site-packages (from requests>=2.23.0->ultralytics>=8.3.0->-r yolo_pose_bridge\requirements.txt (line 1)) (2.7.0)
Requirement already satisfied: certifi>=2023.5.7 in E:\game_sai_yolo_env\.venv_yolo\Lib\site-packages (from requests>=2.23.0->ultralytics>=8.3.0->-r yolo_pose_bridge\requirements.txt (line 1)) (2026.5.20)
Requirement already satisfied: filelock in E:\game_sai_yolo_env\.venv_yolo\Lib\site-packages (from torch>=1.8.0->ultralytics>=8.3.0->-r yolo_pose_bridge\requirements.txt (line 1)) (3.29.0)
Requirement already satisfied: typing-extensions>=4.10.0 in E:\game_sai_yolo_env\.venv_yolo\Lib\site-packages (from torch>=1.8.0->ultralytics>=8.3.0->-r yolo_pose_bridge\requirements.txt (line 1)) (4.15.0)
Requirement already satisfied: setuptools<82 in E:\game_sai_yolo_env\.venv_yolo\Lib\site-packages (from torch>=1.8.0->ultralytics>=8.3.0->-r yolo_pose_bridge\requirements.txt (line 1)) (81.0.0)
Requirement already satisfied: sympy>=1.13.3 in E:\game_sai_yolo_env\.venv_yolo\Lib\site-packages (from torch>=1.8.0->ultralytics>=8.3.0->-r yolo_pose_bridge\requirements.txt (line 1)) (1.14.0)
Requirement already satisfied: networkx>=2.5.1 in E:\game_sai_yolo_env\.venv_yolo\Lib\site-packages (from torch>=1.8.0->ultralytics>=8.3.0->-r yolo_pose_bridge\requirements.txt (line 1)) (3.6.1)
Requirement already satisfied: jinja2 in E:\game_sai_yolo_env\.venv_yolo\Lib\site-packages (from torch>=1.8.0->ultralytics>=8.3.0->-r yolo_pose_bridge\requirements.txt (line 1)) (3.1.6)
Requirement already satisfied: fsspec>=0.8.5 in E:\game_sai_yolo_env\.venv_yolo\Lib\site-packages (from torch>=1.8.0->ultralytics>=8.3.0->-r yolo_pose_bridge\requirements.txt (line 1)) (2026.4.0)
Requirement already satisfied: mpmath<1.4,>=1.1.0 in E:\game_sai_yolo_env\.venv_yolo\Lib\site-packages (from sympy>=1.13.3->torch>=1.8.0->ultralytics>=8.3.0->-r yolo_pose_bridge\requirements.txt (line 1)) (1.3.0)
Requirement already satisfied: MarkupSafe>=2.0 in E:\game_sai_yolo_env\.venv_yolo\Lib\site-packages (from jinja2->torch>=1.8.0->ultralytics>=8.3.0->-r yolo_pose_bridge\requirements.txt (line 1)) (3.0.3)
[ready] Start YOLO pose service ws://127.0.0.1:8765
